[2026-03-04 14:28:19.947] [debug] Election timeout: 2000ms
[2026-03-04 14:28:19.947] [info] Cluster peers:
[2026-03-04 14:28:19.947] [info] 127.0.0.1:8000
[2026-03-04 14:28:19.947] [warning] --------------------------------total_nodes_count_: 1
[2026-03-04 14:28:19.955] [info] ------------------------------------Raft node 1 started on 127.0.0.1:8001------------------------------------
[2026-03-04 14:28:19.955] [debug] Raft node 1 initialized on 127.0.0.1:8001
[2026-03-04 14:28:19.955] [info] Node 1 starting apply loop thread.
[2026-03-04 14:28:19.956] [info] ------------------------------client runing ----------------------------
[2026-03-04 14:28:19.962] [info] 连接成功: 127.0.0.1:8000
[2026-03-04 14:28:19.962] [debug] Connected to peer: 127.0.0.1:8000
[2026-03-04 14:28:19.962] [debug] 注册成员函数回调 | 命令类型: SET_CONFIG
[2026-03-04 14:28:19.962] [info] ------------------------------------Into run_election_timeout------------------------------------
[2026-03-04 14:28:19.962] [debug] 注册成员函数回调 | 命令类型: DELETE_CONFIG
[2026-03-04 14:28:19.962] [debug] 注册普通回调 | 命令类型: WATCH_SET_database
[2026-03-04 14:28:19.962] [debug] 注册普通回调 | 命令类型: WATCH_DELETE_database
[2026-03-04 14:28:21.964] [error] Node 1 became CANDIDATE at term 1
[2026-03-04 14:28:21.964] [info] ------------------------------------Vote begain--------------------------------------
[2026-03-04 14:28:21.965] [debug] Success! Result: reply.term=1, voteGranted=true
[2026-03-04 14:28:21.965] [info] ----------------------total_nodes_count_: 2, vote_count: 2-------------------
[2026-03-04 14:28:21.965] [error] Node 1 became LEADER at term 1.
[2026-03-04 14:28:21.966] [info] Node 1 starting heartbeat thread for term 1.
[2026-03-04 14:28:27.357] [debug] Node 1 received vote request: term=2, candidateId=0, lastLogIndex=-1, lastLogTerm=0
[2026-03-04 14:28:27.357] [debug] Node 1 discovered higher term 2 in vote request, becoming follower.
[2026-03-04 14:28:27.357] [error] Node 1 became FOLLOWER at term 2
[2026-03-04 14:28:27.357] [debug] Node 1 granted vote to node 0 for term 2.
[2026-03-04 14:28:27.417] [info] Node 1 heartbeat thread stopping.
[2026-03-04 14:28:29.224] [warning] Node 1: Not leader, cannot submit log entry.
[2026-03-04 14:28:29.225] [debug] Node 1: Sending log entry SET_CONFIG to leader 0
[2026-03-04 14:28:30.093] [debug] Node 1: AppendEntries successful, added 1 entries.  from node 0
[2026-03-04 14:28:30.093] [info] 成功向leader 0提交日志条目 SET_CONFIG
[2026-03-04 14:28:31.460] [debug] Node 1: Applying logs from index 0 to 0 to state machine.
[2026-03-04 14:28:31.460] [debug] Node 1: 正在准备将index=0的日志条目 SET_CONFIG 应用到状态机。
[2026-03-04 14:28:31.460] [debug] [Trigger] 处理 LogEntry | 命令类型: SET_CONFIG
[2026-03-04 14:28:31.460] [warning] [ConfigCenter] SET: database = 123123213 (version: 1)
[2026-03-04 14:28:33.461] [debug] Stopping Raft node 1...
[2026-03-04 14:28:33.576] [info] Node 1 apply loop thread stopping.
[2026-03-04 14:28:33.576] [debug] Raft node 1 stopped.
