[2026-03-01 10:02:11.107] [debug] Election timeout: 6000ms
[2026-03-01 10:02:11.107] [info] Cluster peers:
[2026-03-01 10:02:11.107] [info] 127.0.0.1:8001
[2026-03-01 10:02:11.107] [info] 127.0.0.1:8000
[2026-03-01 10:02:11.107] [warning] --------------------------------total_nodes_count_: 1
[ERROR] ZK handle is null, call start first!
[ERROR] ZK handle is null, call start first!
[INFO] zookeeper_init success! connect to: {}
[INFO] ZK session connected success!
[INFO] ZK function node create success, path: [{}]
[2026-03-01 10:02:11.121] [info] ------------------------------------Raft node 2 started on 127.0.0.1:8002------------------------------------
[2026-03-01 10:02:11.121] [debug] Raft node 2 initialized on 127.0.0.1:8002
[2026-03-01 10:02:11.123] [info] ------------------------------client runing ----------------------------
[INFO] zookeeper_init success! connect to: {}
[INFO] ZK session connected success!
[INFO] Refresh service cache for path: {}, node count: {}
[2026-03-01 10:02:11.128] [info] 连接成功: 127.0.0.1:8001
[2026-03-01 10:02:11.128] [debug] Connected to peer: 127.0.0.1:8001
[2026-03-01 10:02:11.128] [info] 连接成功: 127.0.0.1:8000
[2026-03-01 10:02:11.129] [debug] Connected to peer: 127.0.0.1:8000
[2026-03-01 10:02:11.129] [info] ------------------------------------Into run_election_timeout------------------------------------
[2026-03-01 10:02:14.662] [error] Node 2 became candidate at term 1
[2026-03-01 10:02:14.662] [info] ------------------------------------Vote begain--------------------------------------
[2026-03-01 10:02:14.663] [debug] Success! Result: reply.term=1, voteGranted=true
[2026-03-01 10:02:14.663] [debug] Success! Result: reply.term=1, voteGranted=true
[2026-03-01 10:02:14.663] [info] ----------------------total_nodes_count_: 3, vote_count: 3-------------------
[2026-03-01 10:02:14.663] [error] Node 2 became leader at term 1.
[2026-03-01 10:02:14.663] [info] Node 2 starting heartbeat thread for term 1.
[2026-03-01 10:02:14.664] [debug] Heartbeat to node 1 Reply term: 1 Success: true
[2026-03-01 10:02:14.664] [debug] Heartbeat to node 2 Reply term: 1 Success: true
[2026-03-01 10:02:16.162] [debug] Heartbeat to node 1 Reply term: 1 Success: true
[2026-03-01 10:02:16.162] [debug] Heartbeat to node 2 Reply term: 1 Success: true
[2026-03-01 10:02:17.658] [debug] Heartbeat to node 1 Reply term: 1 Success: true
[2026-03-01 10:02:17.658] [debug] Heartbeat to node 2 Reply term: 1 Success: true
[2026-03-01 10:02:19.154] [debug] Heartbeat to node 1 Reply term: 1 Success: true
[2026-03-01 10:02:19.155] [debug] Heartbeat to node 2 Reply term: 1 Success: true
[2026-03-01 10:02:20.651] [debug] Heartbeat to node 1 Reply term: 1 Success: true
[2026-03-01 10:02:20.651] [debug] Heartbeat to node 2 Reply term: 1 Success: true
[2026-03-01 10:02:22.147] [debug] Heartbeat to node 1 Reply term: 1 Success: true
[2026-03-01 10:02:22.147] [debug] Heartbeat to node 2 Reply term: 1 Success: true
[2026-03-01 10:02:23.643] [debug] Heartbeat to node 1 Reply term: 1 Success: true
[2026-03-01 10:02:23.644] [debug] Heartbeat to node 2 Reply term: 1 Success: true
[2026-03-01 10:02:25.139] [debug] Heartbeat to node 1 Reply term: 1 Success: true
[2026-03-01 10:02:25.140] [debug] Heartbeat to node 2 Reply term: 1 Success: true
[2026-03-01 10:02:26.636] [debug] Heartbeat to node 1 Reply term: 1 Success: true
[2026-03-01 10:02:26.636] [debug] Heartbeat to node 2 Reply term: 1 Success: true
[2026-03-01 10:02:28.132] [debug] Heartbeat to node 1 Reply term: 1 Success: true
[2026-03-01 10:02:28.133] [debug] Heartbeat to node 2 Reply term: 1 Success: true
[2026-03-01 10:02:29.629] [debug] Heartbeat to node 1 Reply term: 1 Success: true
[2026-03-01 10:02:29.630] [debug] Heartbeat to node 2 Reply term: 1 Success: true
[2026-03-01 10:02:31.131] [debug] Heartbeat to node 1 Reply term: 1 Success: true
[2026-03-01 10:02:32.132] [error] Failed: Request Timeout 
When append_entries on node2 : 127.0.0.1:8000
[2026-03-01 10:02:34.628] [error] Failed: Request Timeout 
When append_entries on node2 : 127.0.0.1:8001
[2026-03-01 10:02:40.624] [info] 连接成功: 127.0.0.1:8001
[2026-03-01 10:02:40.625] [debug] Heartbeat to node 1 Reply term: 1 Success: true
[2026-03-01 10:02:42.121] [debug] Heartbeat to node 1 Reply term: 1 Success: true
[2026-03-01 10:02:41.147] [debug] Heartbeat to node 1 Reply term: 1 Success: true
[2026-03-01 10:02:42.647] [debug] Heartbeat to node 1 Reply term: 1 Success: true
