[2026-03-03 11:34:16.412] [debug] Election timeout: 2000ms
[2026-03-03 11:34:16.412] [info] Cluster peers:
[2026-03-03 11:34:16.412] [info] 127.0.0.1:8000
[2026-03-03 11:34:16.412] [warning] --------------------------------total_nodes_count_: 1
[2026-03-03 11:34:16.418] [info] ------------------------------------Raft node 1 started on 127.0.0.1:8001------------------------------------
[2026-03-03 11:34:16.418] [debug] Raft node 1 initialized on 127.0.0.1:8001
[2026-03-03 11:34:16.418] [info] Node 1 starting apply loop thread.
[2026-03-03 11:34:16.419] [info] ------------------------------client runing ----------------------------
[2026-03-03 11:34:16.424] [info] 连接成功: 127.0.0.1:8000
[2026-03-03 11:34:16.424] [debug] Connected to peer: 127.0.0.1:8000
[2026-03-03 11:34:16.424] [info] ------------------------------------Into run_election_timeout------------------------------------
[2026-03-03 11:34:18.425] [warning] Node 1: Not leader, cannot submit log entry.
[2026-03-03 11:34:18.426] [error] Node 1 became CANDIDATE at term 1
[2026-03-03 11:34:18.426] [info] ------------------------------------Vote begain--------------------------------------
[2026-03-03 11:34:18.426] [warning] Node 1: Failed to find leader.
[2026-03-03 11:34:18.427] [debug] Success! Result: reply.term=1, voteGranted=true
[2026-03-03 11:34:18.427] [info] ----------------------total_nodes_count_: 2, vote_count: 2-------------------
[2026-03-03 11:34:18.427] [error] Node 1 became LEADER at term 1.
[2026-03-03 11:34:18.428] [info] Node 1 starting heartbeat thread for term 1.
[2026-03-03 11:34:18.526] [debug] 进入正式push阶段了
[2026-03-03 11:34:18.526] [info] Node 1: Submitted log entry (index 0, term 1) type LOCK
[2026-03-03 11:34:19.178] [debug] Node 1: Checking if node 0 is leader.
[2026-03-03 11:34:19.179] [debug] 进入正式push阶段了
[2026-03-03 11:34:19.179] [info] Node 1: Submitted log entry (index 1, term 1) type LOCK
[2026-03-03 11:34:20.347] [debug] 将发送新日志消息到follwer set lock = 1 term 1
[2026-03-03 11:34:20.347] [debug] Node 1: Applying logs from index 0 to 1 to state machine.
[2026-03-03 11:34:20.347] [debug] Node 1: 正在准备将index=0的日志条目 lock = 1 应用到状态机。
[2026-03-03 11:34:20.347] [warning] ------------------------------------------------------------------
[2026-03-03 11:34:20.347] [warning] [LockManager] LOCK SUCCESS: 'lock' acquired by '1'
[2026-03-03 11:34:20.347] [warning] [LockManager] TTL: 15000ms, ExpireAt: 1772508873425
[2026-03-03 11:34:20.347] [warning] ------------------------------------------------------------------
[2026-03-03 11:34:20.347] [debug] Node 1: Applied log index 0 to state machine.
[2026-03-03 11:34:20.347] [debug] Node 1: 正在准备将index=1的日志条目 lock = 0 应用到状态机。
[2026-03-03 11:34:20.347] [warning] ------------------------------------------------------------------
[2026-03-03 11:34:20.347] [warning] [LockManager] Lock 'lock' already held by '1', expires at 1772508873425
[2026-03-03 11:34:20.347] [warning] ------------------------------------------------------------------
[2026-03-03 11:34:20.347] [debug] Node 1: Applied log index 1 to state machine.
[2026-03-03 11:34:25.382] [debug] 进入正式push阶段了
[2026-03-03 11:34:25.382] [info] Node 1: Submitted log entry (index 2, term 1) type UNLOCK
[2026-03-03 11:34:26.102] [debug] 将发送新日志消息到follwer set lock = 1 term 1
[2026-03-03 11:34:26.103] [debug] Node 1: Applying logs from index 2 to 2 to state machine.
[2026-03-03 11:34:26.103] [debug] Node 1: 正在准备将index=2的日志条目 lock = 1 应用到状态机。
[2026-03-03 11:34:26.103] [warning] ------------------------------------------------------------------
[2026-03-03 11:34:26.103] [warning] [LockManager] UNLOCK SUCCESS: 'lock' released by '1'
[2026-03-03 11:34:26.103] [warning] ------------------------------------------------------------------
[2026-03-03 11:34:26.103] [debug] Node 1: Applied log index 2 to state machine.
[2026-03-03 11:34:27.288] [debug] Node 1: Checking if node 0 is leader.
[2026-03-03 11:34:27.288] [debug] 进入正式push阶段了
[2026-03-03 11:34:27.288] [info] Node 1: Submitted log entry (index 3, term 1) type UNLOCK
[2026-03-03 11:34:28.021] [debug] 将发送新日志消息到follwer set lock = 0 term 1
[2026-03-03 11:34:28.022] [debug] Node 1: Applying logs from index 3 to 3 to state machine.
[2026-03-03 11:34:28.022] [debug] Node 1: 正在准备将index=3的日志条目 lock = 0 应用到状态机。
[2026-03-03 11:34:28.022] [warning] ------------------------------------------------------------------
[2026-03-03 11:34:28.022] [warning] [LockManager] Lock 'lock' already released
[2026-03-03 11:34:28.022] [warning] ------------------------------------------------------------------
[2026-03-03 11:34:28.022] [debug] Node 1: Applied log index 3 to state machine.
[2026-03-03 11:34:28.133] [debug] Stopping Raft node 1...
[2026-03-03 11:34:29.940] [info] Node 1 heartbeat thread stopping.
[2026-03-03 11:34:29.940] [info] Node 1 apply loop thread stopping.
[2026-03-03 11:34:29.941] [debug] Raft node 1 stopped.
